
> @shop-sign/logo-pc@0.1.1 build /Users/yangyu/智能在线/logo_online/WEB/apps/logo-pc
> vue-cli-service build

Browserslist: caniuse-lite is outdated. Please run:
  npx update-browserslist-db@latest
  Why you should do it regularly: https://github.com/browserslist/update-db#readme

-  Building for production...
Browserslist: caniuse-lite is outdated. Please run:
  npx update-browserslist-db@latest
  Why you should do it regularly: https://github.com/browserslist/update-db#readme
Browserslist: caniuse-lite is outdated. Please run:
  npx update-browserslist-db@latest
  Why you should do it regularly: https://github.com/browserslist/update-db#readme
 DONE  Compiled successfully in 45738ms11:50:23 AM

  File                                      Size             Gzipped

  dist/static/js/chunk-vendors.4c599f0a.    3329.21 KiB      1012.82 KiB
  js
  dist/static/js/chunk-4377a3f4.9d138e39    318.57 KiB       103.54 KiB
  .js
  dist/static/js/app.24acce1a.js            158.37 KiB       49.52 KiB
  dist/static/js/chunk-358a5fca.3039cedd    16.59 KiB        5.74 KiB
  .js
  dist/tinymac/CN.js                        14.11 KiB        5.96 KiB
  dist/static/js/chunk-733222cf.33151975    12.21 KiB        3.69 KiB
  .js
  dist/static/js/chunk-437c75d2.1cdb08d7    4.54 KiB         2.01 KiB
  .js
  dist/static/js/chunk-20ae0e8f.950f5821    2.80 KiB         1.32 KiB
  .js
  dist/static/js/chunk-1d7ba36e.58d3a6fb    2.37 KiB         1.23 KiB
  .js
  dist/static/js/chunk-ba30e1bc.e7e0fecb    2.04 KiB         1.03 KiB
  .js
  dist/static/js/chunk-59aa6b6f.a18c0ebe    2.00 KiB         1.07 KiB
  .js
  dist/static/js/chunk-2d0c152d.3e338bbc    1.78 KiB         0.77 KiB
  .js
  dist/static/js/chunk-49fadb25.2b7d114f    1.77 KiB         0.93 KiB
  .js
  dist/static/js/chunk-315b7c8c.9b2411c6    1.65 KiB         0.78 KiB
  .js
  dist/static/js/chunk-1568bc31.7b884cfa    1.54 KiB         0.88 KiB
  .js
  dist/static/js/chunk-520d2b41.7478ac9d    1.49 KiB         0.65 KiB
  .js
  dist/static/js/chunk-7292ad01.0574dd9d    1.22 KiB         0.70 KiB
  .js
  dist/static/js/chunk-34857c70.96356e77    1.01 KiB         0.61 KiB
  .js
  dist/static/js/chunk-665ee154.0aeae9ac    0.96 KiB         0.58 KiB
  .js
  dist/static/js/chunk-0e9d9cee.0ebbc151    0.91 KiB         0.56 KiB
  .js
  dist/config.js                            0.26 KiB         0.16 KiB
  dist/static/css/chunk-vendors.ee427e7f    520.39 KiB       68.34 KiB
  .css
  dist/static/css/app.adbd3f4a.css          16.79 KiB        3.09 KiB
  dist/static/css/chunk-520d2b41.a8fd6ff    1.14 KiB         0.48 KiB
  8.css
  dist/static/css/chunk-665ee154.6bd18d8    1.14 KiB         0.48 KiB
  e.css
  dist/static/css/chunk-4377a3f4.f5db5dd    1.03 KiB         0.39 KiB
  5.css
  dist/static/css/chunk-20ae0e8f.b91f97d    0.92 KiB         0.39 KiB
  8.css
  dist/static/css/chunk-49fadb25.c61d1fe    0.71 KiB         0.29 KiB
  e.css
  dist/static/css/chunk-358a5fca.0b14612    0.65 KiB         0.32 KiB
  a.css
  dist/static/css/chunk-59aa6b6f.02e3c6d    0.51 KiB         0.30 KiB
  9.css
  dist/static/css/chunk-315b7c8c.096da47    0.40 KiB         0.21 KiB
  2.css
  dist/static/css/chunk-ba30e1bc.a53d7c0    0.40 KiB         0.21 KiB
  e.css
  dist/static/css/chunk-733222cf.5cc645d    0.30 KiB         0.18 KiB
  e.css
  dist/static/css/chunk-7292ad01.6a1f355    0.26 KiB         0.15 KiB
  8.css
  dist/static/css/chunk-0e9d9cee.0671f7f    0.25 KiB         0.17 KiB
  c.css
  dist/static/css/chunk-437c75d2.45aa5b1    0.24 KiB         0.17 KiB
  3.css
  dist/static/css/chunk-1d7ba36e.f3d3cd1    0.19 KiB         0.15 KiB
  8.css
  dist/static/css/chunk-34857c70.6ecc3c8    0.19 KiB         0.15 KiB
  1.css
  dist/static/css/chunk-1568bc31.cbac21b    0.15 KiB         0.12 KiB
  3.css

  Images and other types of assets omitted.

 DONE  Build complete. The dist directory is ready to be deployed.
 INFO  Check out deployment instructions at https://cli.vuejs.org/guide/deployment.html
      
